build/app/outputs/mapping/release/mapping.txt
# compiler: R8
# compiler_version: 1.5.64
# min_api: 16
# pg_map_id: 85f9cff
...
androidx.media2.session.MediaLibraryService$LibraryParams -> androidx.media2.session.MediaLibraryService$LibraryParams:
    android.os.Bundle mBundle -> a
    int mSuggested -> d
    int mRecent -> b
    int mOffline -> c
androidx.media2.session.MediaSession$CommandButton -> androidx.media2.session.MediaSession$CommandButton:
    java.lang.CharSequence mDisplayName -> c
    android.os.Bundle mExtras -> d
    androidx.media2.session.SessionCommand mCommand -> a
    boolean mEnabled -> e
    int mIconResId -> b
androidx.media2.session.MediaUtils -> androidx.media2.session.d:
    java.util.Map METADATA_COMPAT_KEY_TO_METADATA_KEY -> a
    java.util.Map METADATA_KEY_TO_METADATA_COMPAT_KEY -> b
    androidx.media2.common.ParcelImplListSlice convertMediaItemListToParcelImplListSlice(java.util.List) -> a
    java.util.List convertParcelImplListSliceToMediaItemList(androidx.media2.common.ParcelImplListSlice) -> a
    androidx.media2.common.MediaItem upcastForPreparceling(androidx.media2.common.MediaItem) -> a
androidx.media2.session.MediaUtils$1 -> androidx.media2.session.d$a:
androidx.media2.session.PercentageRating -> androidx.media2.session.PercentageRating:
    float mPercent -> a
    boolean isRated() -> a
androidx.media2.session.RemoteResult -> androidx.media2.session.e:
androidx.media2.session.SessionCommand -> androidx.media2.session.SessionCommand:
    android.os.Bundle mCustomExtras -> c
    android.util.SparseArray VERSION_PLAYER_BASIC_COMMANDS_MAP -> d
    android.util.SparseArray VERSION_SESSION_COMMANDS_MAP -> g
    android.util.SparseArray VERSION_LIBRARY_COMMANDS_MAP -> h
    android.util.SparseArray VERSION_PLAYER_PLAYLIST_COMMANDS_MAP -> e
    android.util.SparseArray VERSION_VOLUME_COMMANDS_MAP -> f
    java.lang.String mCustomAction -> b
    int mCommandCode -> a
androidx.media2.session.SessionCommandGroup -> androidx.media2.session.SessionCommandGroup:
    java.util.Set mCommands -> a
androidx.media2.session.SessionResult -> androidx.media2.session.SessionResult:
    android.os.Bundle mCustomCommandResult -> c
    long mCompletionTime -> b
    androidx.media2.common.MediaItem mParcelableItem -> e
    androidx.media2.common.MediaItem mItem -> d
    int mResultCode -> a
    void onPreParceling(boolean) -> a
    void onPostParceling() -> c
androidx.media2.session.SessionToken -> androidx.media2.session.SessionToken:
    androidx.media2.session.SessionToken$SessionTokenImpl mImpl -> a
androidx.media2.session.SessionToken$SessionTokenImpl -> androidx.media2.session.SessionToken$a:
androidx.media2.session.SessionTokenImplBase -> androidx.media2.session.f:
    android.os.IBinder mISession -> e
    android.os.Bundle mExtras -> g
    int mType -> b
    java.lang.String mPackageName -> c
    android.content.ComponentName mComponentName -> f
    int mUid -> a
    java.lang.String mServiceName -> d
androidx.media2.session.SessionTokenImplLegacy -> androidx.media2.session.g:
    java.lang.String mPackageName -> f
    android.os.Bundle mLegacyTokenBundle -> b
    android.os.Bundle mExtras -> g
    int mType -> d
    android.support.v4.media.session.MediaSessionCompat$Token mLegacyToken -> a
    int mUid -> c
    android.content.ComponentName mComponentName -> e
    void onPreParceling(boolean) -> a
    void onPostParceling() -> c
androidx.media2.session.StarRating -> androidx.media2.session.StarRating:
    float mStarRating -> b
    int mMaxStars -> a
    boolean isRated() -> a
androidx.media2.session.ThumbRating -> androidx.media2.session.ThumbRating:
    boolean mIsRated -> a
    boolean mThumbUp -> b
androidx.savedstate.Recreator -> androidx.savedstate.Recreator:
    androidx.savedstate.SavedStateRegistryOwner mOwner -> a
    void onStateChanged(androidx.lifecycle.LifecycleOwner,androidx.lifecycle.Lifecycle$Event) -> a
androidx.savedstate.SavedStateRegistry -> androidx.savedstate.a:
    boolean mAllowingSavingState -> a
    android.os.Bundle consumeRestoredStateForKey(java.lang.String) -> a